#
# There is insufficient memory for the Java Runtime Environment to continue.
# Native memory allocation (malloc) failed to allocate 337536 bytes. Error detail: Chunk::new
# Possible reasons:
#   The system is out of physical RAM or swap space
#   This process is running with CompressedOops enabled, and the Java Heap may be blocking the growth of the native heap
# Possible solutions:
#   Reduce memory load on the system
#   Increase physical memory or swap space
#   Check if swap backing store is full
#   Decrease Java heap size (-Xmx/-Xms)
#   Decrease number of Java threads
#   Decrease Java thread stack sizes (-Xss)
#   Set larger code cache with -XX:ReservedCodeCacheSize=
#   JVM is running with Unscaled Compressed Oops mode in which the Java heap is
#     placed in the first 4GB address space. The Java Heap base address is the
#     maximum limit for the native heap growth. Please use -XX:HeapBaseMinAddress
#     to set the Java Heap base and to place the Java Heap above 4GB virtual address.
# This output file may be truncated or incomplete.
#
#  Out of Memory Error (arena.cpp:191), pid=35168, tid=22896
#
# JRE version: OpenJDK Runtime Environment Temurin-17.0.11+9 (17.0.11+9) (build 17.0.11+9)
# Java VM: OpenJDK 64-Bit Server VM Temurin-17.0.11+9 (17.0.11+9, mixed mode, tiered, compressed oops, compressed class ptrs, parallel gc, windows-amd64)
# No core dump will be written. Minidumps are not enabled by default on client versions of Windows
#

---------------  S U M M A R Y ------------

Command Line: --add-modules=ALL-SYSTEM --add-opens=java.base/java.util=ALL-UNNAMED --add-opens=java.base/java.lang=ALL-UNNAMED --add-opens=java.base/sun.nio.fs=ALL-UNNAMED -Declipse.application=org.eclipse.jdt.ls.core.id1 -Dosgi.bundles.defaultStartLevel=4 -Declipse.product=org.eclipse.jdt.ls.core.product -Djava.import.generatesMetadataFilesAtProjectRoot=false -DDetectVMInstallationsJob.disabled=true -Dfile.encoding=utf8 -XX:+UseParallelGC -XX:GCTimeRatio=4 -XX:AdaptiveSizePolicyWeight=90 -Dsun.zip.disableMemoryMapping=true -Xmx1G -Xms100m -Xlog:disable -javaagent:c:\Users\omarf\.vscode\extensions\redhat.java-1.31.0-win32-x64\lombok\lombok-1.18.32.jar -XX:+HeapDumpOnOutOfMemoryError -XX:HeapDumpPath=c:\Users\omarf\AppData\Roaming\Code\User\workspaceStorage\c8fc73a27e30c273115a9fc45ed50ce1\redhat.java -Daether.dependencyCollector.impl=bf c:\Users\omarf\.vscode\extensions\redhat.java-1.31.0-win32-x64\server\plugins\org.eclipse.equinox.launcher_1.6.800.v20240513-1750.jar -configuration c:\Users\omarf\AppData\Roaming\Code\User\globalStorage\redhat.java\1.31.0\config_win -data c:\Users\omarf\AppData\Roaming\Code\User\workspaceStorage\c8fc73a27e30c273115a9fc45ed50ce1\redhat.java\jdt_ws --pipe=\\.\pipe\lsp-4954829ae59ea768e269a2520db1108f-sock

Host: AMD Ryzen 9 6900HS with Radeon Graphics        , 16 cores, 15G,  Windows 11 , 64 bit Build 22621 (10.0.22621.3527)
Time: Thu Jun 13 00:10:12 2024 Central America Standard Time elapsed time: 5.641711 seconds (0d 0h 0m 5s)

---------------  T H R E A D  ---------------

Current thread (0x000002ca01681050):  JavaThread "C2 CompilerThread4" daemon [_thread_in_native, id=22896, stack(0x000000d8d5b00000,0x000000d8d5c00000)]


Current CompileTask:
C2:   5641 7814       4       org.lombokweb.asm.SymbolTable::addConstantMemberReference (147 bytes)

Stack: [0x000000d8d5b00000,0x000000d8d5c00000]
Native frames: (J=compiled Java code, j=interpreted, Vv=VM code, C=native code)
V  [jvm.dll+0x67d429]
V  [jvm.dll+0x834b7a]
V  [jvm.dll+0x83663e]
V  [jvm.dll+0x836ca3]
V  [jvm.dll+0x247dbf]
V  [jvm.dll+0xac534]
V  [jvm.dll+0xacb7c]
V  [jvm.dll+0x2af2cf]
V  [jvm.dll+0x5848b7]
V  [jvm.dll+0x222d82]
V  [jvm.dll+0x22317f]
V  [jvm.dll+0x21c2a0]
V  [jvm.dll+0x2197a1]
V  [jvm.dll+0x1a534d]
V  [jvm.dll+0x2295cd]
V  [jvm.dll+0x22779c]
V  [jvm.dll+0x7e9d07]
V  [jvm.dll+0x7e410a]
V  [jvm.dll+0x67c315]
C  [ucrtbase.dll+0x29333]
C  [KERNEL32.DLL+0x1257d]
C  [ntdll.dll+0x5aa48]


---------------  P R O C E S S  ---------------

Threads class SMR info:
_java_thread_list=0x000002ca00768e40, length=60, elements={
0x000002ca643d31e0, 0x000002ca78254010, 0x000002ca78258720, 0x000002ca7d438f20,
0x000002ca7d439da0, 0x000002ca7d43c4a0, 0x000002ca7d43ea40, 0x000002ca7d44dde0,
0x000002ca7d4512b0, 0x000002ca7d45c3a0, 0x000002ca7d59c030, 0x000002ca644360b0,
0x000002ca7d5f3040, 0x000002ca7f5679f0, 0x000002ca7f567f10, 0x000002ca7f563ec0,
0x000002ca7f881c80, 0x000002ca7f882bb0, 0x000002ca7f881770, 0x000002ca7f8830c0,
0x000002ca7f880840, 0x000002ca7f882190, 0x000002ca7f880d50, 0x000002ca7f87fe20,
0x000002ca7f880330, 0x000002ca0167f5c0, 0x000002ca01682040, 0x000002ca7f881260,
0x000002ca00e19590, 0x000002ca00e19aa0, 0x000002ca00e13f80, 0x000002ca00e1aee0,
0x000002ca00e158d0, 0x000002ca00e19fb0, 0x000002ca00e19080, 0x000002ca00e1a4c0,
0x000002ca00e18660, 0x000002ca00e17730, 0x000002ca00e1b3f0, 0x000002ca00e1a9d0,
0x000002ca00e17c40, 0x000002ca00e149a0, 0x000002ca00e1b900, 0x000002ca00e14490,
0x000002ca00e16d10, 0x000002ca00e18b70, 0x000002ca00e14eb0, 0x000002ca00e16800,
0x000002ca00e18150, 0x000002ca01681050, 0x000002ca0167fb10, 0x000002ca00e153c0,
0x000002ca00e15de0, 0x000002ca7f8835d0, 0x000002ca054ea7a0, 0x000002ca054e9870,
0x000002ca054e6ae0, 0x000002ca054e9360, 0x000002ca054e8940, 0x000002ca054eacb0
}

Java Threads: ( => current thread )
  0x000002ca643d31e0 JavaThread "main" [_thread_blocked, id=1832, stack(0x000000d8d1b00000,0x000000d8d1c00000)]
  0x000002ca78254010 JavaThread "Reference Handler" daemon [_thread_blocked, id=28404, stack(0x000000d8d1e00000,0x000000d8d1f00000)]
  0x000002ca78258720 JavaThread "Finalizer" daemon [_thread_blocked, id=10252, stack(0x000000d8d1f00000,0x000000d8d2000000)]
  0x000002ca7d438f20 JavaThread "Signal Dispatcher" daemon [_thread_blocked, id=26632, stack(0x000000d8d2000000,0x000000d8d2100000)]
  0x000002ca7d439da0 JavaThread "Attach Listener" daemon [_thread_blocked, id=27144, stack(0x000000d8d2100000,0x000000d8d2200000)]
  0x000002ca7d43c4a0 JavaThread "Service Thread" daemon [_thread_blocked, id=39640, stack(0x000000d8d2200000,0x000000d8d2300000)]
  0x000002ca7d43ea40 JavaThread "Monitor Deflation Thread" daemon [_thread_blocked, id=17336, stack(0x000000d8d2300000,0x000000d8d2400000)]
  0x000002ca7d44dde0 JavaThread "C2 CompilerThread0" daemon [_thread_in_native, id=12268, stack(0x000000d8d2400000,0x000000d8d2500000)]
  0x000002ca7d4512b0 JavaThread "C1 CompilerThread0" daemon [_thread_in_vm, id=28336, stack(0x000000d8d2500000,0x000000d8d2600000)]
  0x000002ca7d45c3a0 JavaThread "Sweeper thread" daemon [_thread_blocked, id=984, stack(0x000000d8d2600000,0x000000d8d2700000)]
  0x000002ca7d59c030 JavaThread "Common-Cleaner" daemon [_thread_blocked, id=46396, stack(0x000000d8d2700000,0x000000d8d2800000)]
  0x000002ca644360b0 JavaThread "C1 CompilerThread1" daemon [_thread_blocked, id=35284, stack(0x000000d8d2800000,0x000000d8d2900000)]
  0x000002ca7d5f3040 JavaThread "C2 CompilerThread1" daemon [_thread_in_native, id=28772, stack(0x000000d8d2900000,0x000000d8d2a00000)]
  0x000002ca7f5679f0 JavaThread "C1 CompilerThread2" daemon [_thread_in_native, id=16640, stack(0x000000d8d2b00000,0x000000d8d2c00000)]
  0x000002ca7f567f10 JavaThread "C1 CompilerThread3" daemon [_thread_blocked, id=14988, stack(0x000000d8d2c00000,0x000000d8d2d00000)]
  0x000002ca7f563ec0 JavaThread "Notification Thread" daemon [_thread_blocked, id=18476, stack(0x000000d8d2d00000,0x000000d8d2e00000)]
  0x000002ca7f881c80 JavaThread "Active Thread: Equinox Container: 38ad138d-5551-4571-bd7f-53b3c2d2fa4b" [_thread_blocked, id=19368, stack(0x000000d8d3500000,0x000000d8d3600000)]
  0x000002ca7f882bb0 JavaThread "Framework Event Dispatcher: Equinox Container: 38ad138d-5551-4571-bd7f-53b3c2d2fa4b" daemon [_thread_blocked, id=23712, stack(0x000000d8d3600000,0x000000d8d3700000)]
  0x000002ca7f881770 JavaThread "Start Level: Equinox Container: 38ad138d-5551-4571-bd7f-53b3c2d2fa4b" daemon [_thread_blocked, id=34808, stack(0x000000d8d3700000,0x000000d8d3800000)]
  0x000002ca7f8830c0 JavaThread "Bundle File Closer" daemon [_thread_blocked, id=39180, stack(0x000000d8d3a00000,0x000000d8d3b00000)]
  0x000002ca7f880840 JavaThread "SCR Component Actor" daemon [_thread_blocked, id=1064, stack(0x000000d8d3c00000,0x000000d8d3d00000)]
  0x000002ca7f882190 JavaThread "SCR Component Registry" daemon [_thread_blocked, id=21552, stack(0x000000d8d3d00000,0x000000d8d3e00000)]
  0x000002ca7f880d50 JavaThread "Worker-JM" [_thread_blocked, id=25588, stack(0x000000d8d3f00000,0x000000d8d4000000)]
  0x000002ca7f87fe20 JavaThread "Worker-0" [_thread_blocked, id=42116, stack(0x000000d8d4100000,0x000000d8d4200000)]
  0x000002ca7f880330 JavaThread "Worker-1: Initialize workspace" [_thread_blocked, id=33348, stack(0x000000d8d4200000,0x000000d8d4300000)]
  0x000002ca0167f5c0 JavaThread "C2 CompilerThread2" daemon [_thread_in_native, id=37648, stack(0x000000d8d4300000,0x000000d8d4400000)]
  0x000002ca01682040 JavaThread "C2 CompilerThread3" daemon [_thread_in_native, id=20920, stack(0x000000d8d4400000,0x000000d8d4500000)]
  0x000002ca7f881260 JavaThread "Java indexing" daemon [_thread_blocked, id=24844, stack(0x000000d8d4500000,0x000000d8d4600000)]
  0x000002ca00e19590 JavaThread "JNA Cleaner" daemon [_thread_blocked, id=6460, stack(0x000000d8d4600000,0x000000d8d4700000)]
  0x000002ca00e19aa0 JavaThread "Thread-2" daemon [_thread_in_native, id=41188, stack(0x000000d8d4700000,0x000000d8d4800000)]
  0x000002ca00e13f80 JavaThread "Thread-3" daemon [_thread_in_native, id=18880, stack(0x000000d8d4800000,0x000000d8d4900000)]
  0x000002ca00e1aee0 JavaThread "Thread-4" daemon [_thread_in_native, id=42688, stack(0x000000d8d4900000,0x000000d8d4a00000)]
  0x000002ca00e158d0 JavaThread "Thread-5" daemon [_thread_in_native, id=6628, stack(0x000000d8d4a00000,0x000000d8d4b00000)]
  0x000002ca00e19fb0 JavaThread "Thread-6" daemon [_thread_in_native, id=9348, stack(0x000000d8d4b00000,0x000000d8d4c00000)]
  0x000002ca00e19080 JavaThread "Thread-7" daemon [_thread_in_native, id=38436, stack(0x000000d8d4c00000,0x000000d8d4d00000)]
  0x000002ca00e1a4c0 JavaThread "Thread-8" daemon [_thread_in_native, id=34348, stack(0x000000d8d4d00000,0x000000d8d4e00000)]
  0x000002ca00e18660 JavaThread "Thread-9" daemon [_thread_in_native, id=46748, stack(0x000000d8d4e00000,0x000000d8d4f00000)]
  0x000002ca00e17730 JavaThread "Thread-10" daemon [_thread_in_native, id=25968, stack(0x000000d8d4f00000,0x000000d8d5000000)]
  0x000002ca00e1b3f0 JavaThread "Thread-11" daemon [_thread_in_native, id=15084, stack(0x000000d8d5000000,0x000000d8d5100000)]
  0x000002ca00e1a9d0 JavaThread "Thread-12" daemon [_thread_in_native, id=18448, stack(0x000000d8d5100000,0x000000d8d5200000)]
  0x000002ca00e17c40 JavaThread "Thread-13" daemon [_thread_in_native, id=27052, stack(0x000000d8d5200000,0x000000d8d5300000)]
  0x000002ca00e149a0 JavaThread "Thread-14" daemon [_thread_in_native, id=25800, stack(0x000000d8d5300000,0x000000d8d5400000)]
  0x000002ca00e1b900 JavaThread "Thread-15" daemon [_thread_in_native, id=45808, stack(0x000000d8d5400000,0x000000d8d5500000)]
  0x000002ca00e14490 JavaThread "Thread-16" daemon [_thread_in_native, id=22912, stack(0x000000d8d5500000,0x000000d8d5600000)]
  0x000002ca00e16d10 JavaThread "Thread-17" daemon [_thread_in_native, id=18532, stack(0x000000d8d5600000,0x000000d8d5700000)]
  0x000002ca00e18b70 JavaThread "Thread-18" daemon [_thread_in_native, id=20824, stack(0x000000d8d5700000,0x000000d8d5800000)]
  0x000002ca00e14eb0 JavaThread "pool-2-thread-1" [_thread_blocked, id=31244, stack(0x000000d8d5800000,0x000000d8d5900000)]
  0x000002ca00e16800 JavaThread "WorkspaceEventsHandler" [_thread_blocked, id=5864, stack(0x000000d8d5900000,0x000000d8d5a00000)]
  0x000002ca00e18150 JavaThread "pool-1-thread-1" [_thread_in_Java, id=5960, stack(0x000000d8d5a00000,0x000000d8d5b00000)]
=>0x000002ca01681050 JavaThread "C2 CompilerThread4" daemon [_thread_in_native, id=22896, stack(0x000000d8d5b00000,0x000000d8d5c00000)]
  0x000002ca0167fb10 JavaThread "C2 CompilerThread5" daemon [_thread_in_native, id=36292, stack(0x000000d8d5c00000,0x000000d8d5d00000)]
  0x000002ca00e153c0 JavaThread "Worker-2: Initialize Workspace" [_thread_blocked, id=19968, stack(0x000000d8d5e00000,0x000000d8d5f00000)]
  0x000002ca00e15de0 JavaThread "Worker-3" [_thread_blocked, id=32052, stack(0x000000d8d5f00000,0x000000d8d6000000)]
  0x000002ca7f8835d0 JavaThread "Keep-Alive-Timer" daemon [_thread_blocked, id=29532, stack(0x000000d8d5d00000,0x000000d8d5e00000)]
  0x000002ca054ea7a0 JavaThread "ForkJoinPool.commonPool-worker-1" daemon [_thread_blocked, id=24668, stack(0x000000d8d6100000,0x000000d8d6200000)]
  0x000002ca054e9870 JavaThread "ForkJoinPool.commonPool-worker-2" daemon [_thread_blocked, id=39256, stack(0x000000d8d6200000,0x000000d8d6300000)]
  0x000002ca054e6ae0 JavaThread "ForkJoinPool.commonPool-worker-3" daemon [_thread_blocked, id=29412, stack(0x000000d8d6300000,0x000000d8d6400000)]
  0x000002ca054e9360 JavaThread "ForkJoinPool.commonPool-worker-4" daemon [_thread_blocked, id=35136, stack(0x000000d8d6400000,0x000000d8d6500000)]
  0x000002ca054e8940 JavaThread "ForkJoinPool.commonPool-worker-5" daemon [_thread_blocked, id=36076, stack(0x000000d8d6500000,0x000000d8d6600000)]
  0x000002ca054eacb0 JavaThread "ForkJoinPool.commonPool-worker-6" daemon [_thread_blocked, id=17996, stack(0x000000d8d6600000,0x000000d8d6700000)]

Other Threads:
  0x000002ca782424a0 VMThread "VM Thread" [stack: 0x000000d8d1d00000,0x000000d8d1e00000] [id=27608]
  0x000002ca7f5643a0 WatcherThread [stack: 0x000000d8d2e00000,0x000000d8d2f00000] [id=16820]
  0x000002ca643e8db0 GCTaskThread "GC Thread#0" [stack: 0x000000d8d1c00000,0x000000d8d1d00000] [id=34360]
  0x000002ca7fd19030 GCTaskThread "GC Thread#1" [stack: 0x000000d8d3000000,0x000000d8d3100000] [id=12696]
  0x000002ca7fcf21a0 GCTaskThread "GC Thread#2" [stack: 0x000000d8d3100000,0x000000d8d3200000] [id=26052]
  0x000002ca7f96b780 GCTaskThread "GC Thread#3" [stack: 0x000000d8d3200000,0x000000d8d3300000] [id=46012]
  0x000002ca7f96ba40 GCTaskThread "GC Thread#4" [stack: 0x000000d8d3300000,0x000000d8d3400000] [id=43980]
  0x000002ca0001c020 GCTaskThread "GC Thread#5" [stack: 0x000000d8d3400000,0x000000d8d3500000] [id=12424]
  0x000002ca005c1b50 GCTaskThread "GC Thread#6" [stack: 0x000000d8d3800000,0x000000d8d3900000] [id=14812]
  0x000002ca002c8d60 GCTaskThread "GC Thread#7" [stack: 0x000000d8d3900000,0x000000d8d3a00000] [id=43540]
  0x000002ca00a1f090 GCTaskThread "GC Thread#8" [stack: 0x000000d8d3b00000,0x000000d8d3c00000] [id=37488]
  0x000002ca008c8610 GCTaskThread "GC Thread#9" [stack: 0x000000d8d2a00000,0x000000d8d2b00000] [id=12272]
  0x000002ca008c88d0 GCTaskThread "GC Thread#10" [stack: 0x000000d8d2f00000,0x000000d8d3000000] [id=23372]
  0x000002ca008cb030 GCTaskThread "GC Thread#11" [stack: 0x000000d8d3e00000,0x000000d8d3f00000] [id=41160]
  0x000002ca00b13680 GCTaskThread "GC Thread#12" [stack: 0x000000d8d4000000,0x000000d8d4100000] [id=26780]

Threads with active compile tasks:
C2 CompilerThread0     5678 7833       4       org.lombokweb.asm.MethodWriter::visitLineNumber (50 bytes)
C1 CompilerThread0     5678 7856   !   3       org.eclipse.jdt.internal.compiler.parser.Scanner::getNextChar (140 bytes)
C1 CompilerThread1     5678 7855   !   3       org.eclipse.jdt.internal.compiler.parser.Scanner::getNextChar (169 bytes)
C2 CompilerThread1     5678 7820 %     4       org.lombokweb.asm.ClassReader::readCode @ 2186 (5117 bytes)
C1 CompilerThread2     5678 7843       3       org.eclipse.jdt.internal.compiler.parser.Parser::consumeRule (7943 bytes)
C2 CompilerThread2     5678 7827       4       java.lang.String::split (327 bytes)
C2 CompilerThread3     5678 7779 %     4       org.lombokweb.asm.SymbolTable::<init> @ 98 (536 bytes)
C2 CompilerThread4     5678 7814       4       org.lombokweb.asm.SymbolTable::addConstantMemberReference (147 bytes)
C2 CompilerThread5     5678 7802       4       org.lombokweb.asm.ClassReader::readMethod (1066 bytes)

VM state: not at safepoint (normal execution)

VM Mutex/Monitor currently owned by a thread: None

Heap address: 0x00000000c0000000, size: 1024 MB, Compressed Oops mode: 32-bit

CDS archive(s) not mapped
Compressed class space mapped at: 0x0000000100000000-0x0000000140000000, reserved size: 1073741824
Narrow klass base: 0x0000000000000000, Narrow klass shift: 3, Narrow klass range: 0x140000000

GC Precious Log:
 CPUs: 16 total, 16 available
 Memory: 15596M
 Large Page Support: Disabled
 NUMA Support: Disabled
 Compressed Oops: Enabled (32-bit)
 Alignments: Space 512K, Generation 512K, Heap 2M
 Heap Min Capacity: 100M
 Heap Initial Capacity: 100M
 Heap Max Capacity: 1G
 Pre-touch: Disabled
 Parallel Workers: 13

Heap:
 PSYoungGen      total 22016K, used 5350K [0x00000000eab00000, 0x00000000ec280000, 0x0000000100000000)
  eden space 21504K, 23% used [0x00000000eab00000,0x00000000eb001b90,0x00000000ec000000)
  from space 512K, 43% used [0x00000000ec200000,0x00000000ec238000,0x00000000ec280000)
  to   space 1024K, 0% used [0x00000000ec080000,0x00000000ec080000,0x00000000ec180000)
 ParOldGen       total 68608K, used 30290K [0x00000000c0000000, 0x00000000c4300000, 0x00000000eab00000)
  object space 68608K, 44% used [0x00000000c0000000,0x00000000c1d94988,0x00000000c4300000)
 Metaspace       used 62779K, committed 64000K, reserved 1114112K
  class space    used 6793K, committed 7360K, reserved 1048576K

Card table byte_map: [0x000002ca63d80000,0x000002ca63f90000] _byte_map_base: 0x000002ca63780000

Marking Bits: (ParMarkBitMap*) 0x00007fff6068d820
 Begin Bits: [0x000002ca76060000, 0x000002ca77060000)
 End Bits:   [0x000002ca77060000, 0x000002ca78060000)

Polling page: 0x000002ca62260000

Metaspace:

Usage:
  Non-class:     54.68 MB used.
      Class:      6.63 MB used.
       Both:     61.31 MB used.

Virtual space:
  Non-class space:       64.00 MB reserved,      55.31 MB ( 86%) committed,  1 nodes.
      Class space:        1.00 GB reserved,       7.19 MB ( <1%) committed,  1 nodes.
             Both:        1.06 GB reserved,      62.50 MB (  6%) committed. 

Chunk freelists:
   Non-Class:  8.12 MB
       Class:  8.75 MB
        Both:  16.87 MB

MaxMetaspaceSize: unlimited
CompressedClassSpaceSize: 1.00 GB
Initial GC threshold: 21.00 MB
Current GC threshold: 97.31 MB
CDS: off
MetaspaceReclaimPolicy: balanced
 - commit_granule_bytes: 65536.
 - commit_granule_words: 8192.
 - virtual_space_node_default_size: 8388608.
 - enlarge_chunks_in_place: 1.
 - new_chunks_are_fully_committed: 0.
 - uncommit_free_chunks: 1.
 - use_allocation_guard: 0.
 - handle_deallocations: 1.


Internal statistics:

num_allocs_failed_limit: 9.
num_arena_births: 774.
num_arena_deaths: 14.
num_vsnodes_births: 2.
num_vsnodes_deaths: 0.
num_space_committed: 1001.
num_space_uncommitted: 0.
num_chunks_returned_to_freelist: 23.
num_chunks_taken_from_freelist: 3064.
num_chunk_merges: 15.
num_chunk_splits: 1916.
num_chunks_enlarged: 1154.
num_inconsistent_stats: 0.

CodeHeap 'non-profiled nmethods': size=119168Kb used=4362Kb max_used=4362Kb free=114805Kb
 bounds [0x000002ca6ec00000, 0x000002ca6f050000, 0x000002ca76060000]
CodeHeap 'profiled nmethods': size=119104Kb used=14905Kb max_used=14905Kb free=104198Kb
 bounds [0x000002ca67060000, 0x000002ca67ef0000, 0x000002ca6e4b0000]
CodeHeap 'non-nmethods': size=7488Kb used=3061Kb max_used=3175Kb free=4426Kb
 bounds [0x000002ca6e4b0000, 0x000002ca6e7e0000, 0x000002ca6ec00000]
 total_blobs=7663 nmethods=6962 adapters=610
 compilation: enabled
              stopped_count=0, restarted_count=0
 full_count=0

Compilation events (20 events):
Event: 5.493 Thread 0x000002ca7d4512b0 7830       3       org.lombokweb.asm.MethodVisitor::visitIntInsn (17 bytes)
Event: 5.493 Thread 0x000002ca7d4512b0 nmethod 7830 0x000002ca67ed0210 code [0x000002ca67ed03c0, 0x000002ca67ed05c8]
Event: 5.493 Thread 0x000002ca7f567f10 7831       3       org.lombokweb.asm.MethodWriter::visitLdcInsn (215 bytes)
Event: 5.494 Thread 0x000002ca7f567f10 nmethod 7831 0x000002ca67ed0690 code [0x000002ca67ed0900, 0x000002ca67ed1488]
Event: 5.507 Thread 0x000002ca7f5679f0 7835       3       org.lombokweb.asm.MethodVisitor::visitCode (15 bytes)
Event: 5.507 Thread 0x000002ca7f5679f0 nmethod 7835 0x000002ca67ed1910 code [0x000002ca67ed1ac0, 0x000002ca67ed1cc8]
Event: 5.507 Thread 0x000002ca644360b0 7836       3       org.lombokweb.asm.MethodVisitor::visitMaxs (17 bytes)
Event: 5.507 Thread 0x000002ca7f5679f0 7837       3       org.lombokweb.asm.MethodVisitor::visitEnd (15 bytes)
Event: 5.507 Thread 0x000002ca7f5679f0 nmethod 7837 0x000002ca67ed1d90 code [0x000002ca67ed1f40, 0x000002ca67ed2148]
Event: 5.507 Thread 0x000002ca644360b0 nmethod 7836 0x000002ca67ed2210 code [0x000002ca67ed23c0, 0x000002ca67ed25c8]
Event: 5.529 Thread 0x000002ca7d5f3040 nmethod 7804 0x000002ca6f011910 code [0x000002ca6f011e60, 0x000002ca6f013858]
Event: 5.530 Thread 0x000002ca7d5f3040 7820 %     4       org.lombokweb.asm.ClassReader::readCode @ 2186 (5117 bytes)
Event: 5.618 Thread 0x000002ca01681050 nmethod 7639 0x000002ca6f014e90 code [0x000002ca6f015580, 0x000002ca6f01da88]
Event: 5.618 Thread 0x000002ca7d44dde0 nmethod 7760 0x000002ca6f022690 code [0x000002ca6f022b60, 0x000002ca6f028860]
Event: 5.622 Thread 0x000002ca01681050 7838       4       java.util.regex.Pattern$Branch::match (66 bytes)
Event: 5.622 Thread 0x000002ca7d44dde0 7819       4       lombok.patcher.Hook::convertType (64 bytes)
Event: 5.622 Thread 0x000002ca0167f5c0 nmethod 7640 0x000002ca6f02c090 code [0x000002ca6f02c780, 0x000002ca6f034448]
Event: 5.625 Thread 0x000002ca0167f5c0 7827       4       java.lang.String::split (327 bytes)
Event: 5.625 Thread 0x000002ca01681050 nmethod 7838 0x000002ca6f038e10 code [0x000002ca6f038fa0, 0x000002ca6f039158]
Event: 5.626 Thread 0x000002ca01681050 7814       4       org.lombokweb.asm.SymbolTable::addConstantMemberReference (147 bytes)

GC Heap History (20 events):
Event: 4.360 GC heap before
{Heap before GC invocations=20 (full 2):
 PSYoungGen      total 23552K, used 22816K [0x00000000eab00000, 0x00000000ec480000, 0x0000000100000000)
  eden space 22016K, 100% used [0x00000000eab00000,0x00000000ec080000,0x00000000ec080000)
  from space 1536K, 52% used [0x00000000ec200000,0x00000000ec2c8000,0x00000000ec380000)
  to   space 1024K, 0% used [0x00000000ec380000,0x00000000ec380000,0x00000000ec480000)
 ParOldGen       total 68608K, used 20940K [0x00000000c0000000, 0x00000000c4300000, 0x00000000eab00000)
  object space 68608K, 30% used [0x00000000c0000000,0x00000000c1473380,0x00000000c4300000)
 Metaspace       used 52963K, committed 53952K, reserved 1114112K
  class space    used 5685K, committed 6144K, reserved 1048576K
}
Event: 4.361 GC heap after
{Heap after GC invocations=20 (full 2):
 PSYoungGen      total 23040K, used 1008K [0x00000000eab00000, 0x00000000ec480000, 0x0000000100000000)
  eden space 22016K, 0% used [0x00000000eab00000,0x00000000eab00000,0x00000000ec080000)
  from space 1024K, 98% used [0x00000000ec380000,0x00000000ec47c010,0x00000000ec480000)
  to   space 2048K, 0% used [0x00000000ec080000,0x00000000ec080000,0x00000000ec280000)
 ParOldGen       total 68608K, used 21757K [0x00000000c0000000, 0x00000000c4300000, 0x00000000eab00000)
  object space 68608K, 31% used [0x00000000c0000000,0x00000000c153f550,0x00000000c4300000)
 Metaspace       used 52963K, committed 53952K, reserved 1114112K
  class space    used 5685K, committed 6144K, reserved 1048576K
}
Event: 4.718 GC heap before
{Heap before GC invocations=21 (full 2):
 PSYoungGen      total 23040K, used 23024K [0x00000000eab00000, 0x00000000ec480000, 0x0000000100000000)
  eden space 22016K, 100% used [0x00000000eab00000,0x00000000ec080000,0x00000000ec080000)
  from space 1024K, 98% used [0x00000000ec380000,0x00000000ec47c010,0x00000000ec480000)
  to   space 2048K, 0% used [0x00000000ec080000,0x00000000ec080000,0x00000000ec280000)
 ParOldGen       total 68608K, used 21757K [0x00000000c0000000, 0x00000000c4300000, 0x00000000eab00000)
  object space 68608K, 31% used [0x00000000c0000000,0x00000000c153f550,0x00000000c4300000)
 Metaspace       used 55257K, committed 56320K, reserved 1114112K
  class space    used 5977K, committed 6464K, reserved 1048576K
}
Event: 4.719 GC heap after
{Heap after GC invocations=21 (full 2):
 PSYoungGen      total 24064K, used 1984K [0x00000000eab00000, 0x00000000ec580000, 0x0000000100000000)
  eden space 22016K, 0% used [0x00000000eab00000,0x00000000eab00000,0x00000000ec080000)
  from space 2048K, 96% used [0x00000000ec080000,0x00000000ec270000,0x00000000ec280000)
  to   space 2560K, 0% used [0x00000000ec300000,0x00000000ec300000,0x00000000ec580000)
 ParOldGen       total 68608K, used 22745K [0x00000000c0000000, 0x00000000c4300000, 0x00000000eab00000)
  object space 68608K, 33% used [0x00000000c0000000,0x00000000c1636408,0x00000000c4300000)
 Metaspace       used 55257K, committed 56320K, reserved 1114112K
  class space    used 5977K, committed 6464K, reserved 1048576K
}
Event: 4.998 GC heap before
{Heap before GC invocations=22 (full 2):
 PSYoungGen      total 24064K, used 24000K [0x00000000eab00000, 0x00000000ec580000, 0x0000000100000000)
  eden space 22016K, 100% used [0x00000000eab00000,0x00000000ec080000,0x00000000ec080000)
  from space 2048K, 96% used [0x00000000ec080000,0x00000000ec270000,0x00000000ec280000)
  to   space 2560K, 0% used [0x00000000ec300000,0x00000000ec300000,0x00000000ec580000)
 ParOldGen       total 68608K, used 22745K [0x00000000c0000000, 0x00000000c4300000, 0x00000000eab00000)
  object space 68608K, 33% used [0x00000000c0000000,0x00000000c1636408,0x00000000c4300000)
 Metaspace       used 58125K, committed 59264K, reserved 1114112K
  class space    used 6318K, committed 6848K, reserved 1048576K
}
Event: 5.000 GC heap after
{Heap after GC invocations=22 (full 2):
 PSYoungGen      total 23552K, used 1491K [0x00000000eab00000, 0x00000000ec480000, 0x0000000100000000)
  eden space 22016K, 0% used [0x00000000eab00000,0x00000000eab00000,0x00000000ec080000)
  from space 1536K, 97% used [0x00000000ec300000,0x00000000ec474c78,0x00000000ec480000)
  to   space 2048K, 0% used [0x00000000ec080000,0x00000000ec080000,0x00000000ec280000)
 ParOldGen       total 68608K, used 24513K [0x00000000c0000000, 0x00000000c4300000, 0x00000000eab00000)
  object space 68608K, 35% used [0x00000000c0000000,0x00000000c17f0408,0x00000000c4300000)
 Metaspace       used 58125K, committed 59264K, reserved 1114112K
  class space    used 6318K, committed 6848K, reserved 1048576K
}
Event: 5.051 GC heap before
{Heap before GC invocations=23 (full 2):
 PSYoungGen      total 23552K, used 7063K [0x00000000eab00000, 0x00000000ec480000, 0x0000000100000000)
  eden space 22016K, 25% used [0x00000000eab00000,0x00000000eb071100,0x00000000ec080000)
  from space 1536K, 97% used [0x00000000ec300000,0x00000000ec474c78,0x00000000ec480000)
  to   space 2048K, 0% used [0x00000000ec080000,0x00000000ec080000,0x00000000ec280000)
 ParOldGen       total 68608K, used 24513K [0x00000000c0000000, 0x00000000c4300000, 0x00000000eab00000)
  object space 68608K, 35% used [0x00000000c0000000,0x00000000c17f0408,0x00000000c4300000)
 Metaspace       used 58619K, committed 59776K, reserved 1114112K
  class space    used 6357K, committed 6912K, reserved 1048576K
}
Event: 5.052 GC heap after
{Heap after GC invocations=23 (full 2):
 PSYoungGen      total 23040K, used 832K [0x00000000eab00000, 0x00000000ec380000, 0x0000000100000000)
  eden space 22016K, 0% used [0x00000000eab00000,0x00000000eab00000,0x00000000ec080000)
  from space 1024K, 81% used [0x00000000ec080000,0x00000000ec150000,0x00000000ec180000)
  to   space 1536K, 0% used [0x00000000ec200000,0x00000000ec200000,0x00000000ec380000)
 ParOldGen       total 68608K, used 25771K [0x00000000c0000000, 0x00000000c4300000, 0x00000000eab00000)
  object space 68608K, 37% used [0x00000000c0000000,0x00000000c192ac00,0x00000000c4300000)
 Metaspace       used 58619K, committed 59776K, reserved 1114112K
  class space    used 6357K, committed 6912K, reserved 1048576K
}
Event: 5.052 GC heap before
{Heap before GC invocations=24 (full 3):
 PSYoungGen      total 23040K, used 832K [0x00000000eab00000, 0x00000000ec380000, 0x0000000100000000)
  eden space 22016K, 0% used [0x00000000eab00000,0x00000000eab00000,0x00000000ec080000)
  from space 1024K, 81% used [0x00000000ec080000,0x00000000ec150000,0x00000000ec180000)
  to   space 1536K, 0% used [0x00000000ec200000,0x00000000ec200000,0x00000000ec380000)
 ParOldGen       total 68608K, used 25771K [0x00000000c0000000, 0x00000000c4300000, 0x00000000eab00000)
  object space 68608K, 37% used [0x00000000c0000000,0x00000000c192ac00,0x00000000c4300000)
 Metaspace       used 58619K, committed 59776K, reserved 1114112K
  class space    used 6357K, committed 6912K, reserved 1048576K
}
Event: 5.084 GC heap after
{Heap after GC invocations=24 (full 3):
 PSYoungGen      total 23040K, used 0K [0x00000000eab00000, 0x00000000ec380000, 0x0000000100000000)
  eden space 22016K, 0% used [0x00000000eab00000,0x00000000eab00000,0x00000000ec080000)
  from space 1024K, 0% used [0x00000000ec080000,0x00000000ec080000,0x00000000ec180000)
  to   space 1536K, 0% used [0x00000000ec200000,0x00000000ec200000,0x00000000ec380000)
 ParOldGen       total 68608K, used 24893K [0x00000000c0000000, 0x00000000c4300000, 0x00000000eab00000)
  object space 68608K, 36% used [0x00000000c0000000,0x00000000c184f700,0x00000000c4300000)
 Metaspace       used 58619K, committed 59776K, reserved 1114112K
  class space    used 6357K, committed 6912K, reserved 1048576K
}
Event: 5.170 GC heap before
{Heap before GC invocations=25 (full 3):
 PSYoungGen      total 23040K, used 22016K [0x00000000eab00000, 0x00000000ec380000, 0x0000000100000000)
  eden space 22016K, 100% used [0x00000000eab00000,0x00000000ec080000,0x00000000ec080000)
  from space 1024K, 0% used [0x00000000ec080000,0x00000000ec080000,0x00000000ec180000)
  to   space 1536K, 0% used [0x00000000ec200000,0x00000000ec200000,0x00000000ec380000)
 ParOldGen       total 68608K, used 24893K [0x00000000c0000000, 0x00000000c4300000, 0x00000000eab00000)
  object space 68608K, 36% used [0x00000000c0000000,0x00000000c184f700,0x00000000c4300000)
 Metaspace       used 59036K, committed 60224K, reserved 1114112K
  class space    used 6416K, committed 6976K, reserved 1048576K
}
Event: 5.170 GC heap after
{Heap after GC invocations=25 (full 3):
 PSYoungGen      total 23040K, used 1504K [0x00000000eab00000, 0x00000000ec480000, 0x0000000100000000)
  eden space 21504K, 0% used [0x00000000eab00000,0x00000000eab00000,0x00000000ec000000)
  from space 1536K, 97% used [0x00000000ec200000,0x00000000ec378020,0x00000000ec380000)
  to   space 2048K, 0% used [0x00000000ec000000,0x00000000ec000000,0x00000000ec200000)
 ParOldGen       total 68608K, used 25189K [0x00000000c0000000, 0x00000000c4300000, 0x00000000eab00000)
  object space 68608K, 36% used [0x00000000c0000000,0x00000000c1899700,0x00000000c4300000)
 Metaspace       used 59036K, committed 60224K, reserved 1114112K
  class space    used 6416K, committed 6976K, reserved 1048576K
}
Event: 5.224 GC heap before
{Heap before GC invocations=26 (full 3):
 PSYoungGen      total 23040K, used 23008K [0x00000000eab00000, 0x00000000ec480000, 0x0000000100000000)
  eden space 21504K, 100% used [0x00000000eab00000,0x00000000ec000000,0x00000000ec000000)
  from space 1536K, 97% used [0x00000000ec200000,0x00000000ec378020,0x00000000ec380000)
  to   space 2048K, 0% used [0x00000000ec000000,0x00000000ec000000,0x00000000ec200000)
 ParOldGen       total 68608K, used 25189K [0x00000000c0000000, 0x00000000c4300000, 0x00000000eab00000)
  object space 68608K, 36% used [0x00000000c0000000,0x00000000c1899700,0x00000000c4300000)
 Metaspace       used 59110K, committed 60288K, reserved 1114112K
  class space    used 6420K, committed 6976K, reserved 1048576K
}
Event: 5.225 GC heap after
{Heap after GC invocations=26 (full 3):
 PSYoungGen      total 23552K, used 1920K [0x00000000eab00000, 0x00000000ec400000, 0x0000000100000000)
  eden space 21504K, 0% used [0x00000000eab00000,0x00000000eab00000,0x00000000ec000000)
  from space 2048K, 93% used [0x00000000ec000000,0x00000000ec1e0000,0x00000000ec200000)
  to   space 2048K, 0% used [0x00000000ec200000,0x00000000ec200000,0x00000000ec400000)
 ParOldGen       total 68608K, used 26725K [0x00000000c0000000, 0x00000000c4300000, 0x00000000eab00000)
  object space 68608K, 38% used [0x00000000c0000000,0x00000000c1a19730,0x00000000c4300000)
 Metaspace       used 59110K, committed 60288K, reserved 1114112K
  class space    used 6420K, committed 6976K, reserved 1048576K
}
Event: 5.328 GC heap before
{Heap before GC invocations=27 (full 3):
 PSYoungGen      total 23552K, used 23424K [0x00000000eab00000, 0x00000000ec400000, 0x0000000100000000)
  eden space 21504K, 100% used [0x00000000eab00000,0x00000000ec000000,0x00000000ec000000)
  from space 2048K, 93% used [0x00000000ec000000,0x00000000ec1e0000,0x00000000ec200000)
  to   space 2048K, 0% used [0x00000000ec200000,0x00000000ec200000,0x00000000ec400000)
 ParOldGen       total 68608K, used 26725K [0x00000000c0000000, 0x00000000c4300000, 0x00000000eab00000)
  object space 68608K, 38% used [0x00000000c0000000,0x00000000c1a19730,0x00000000c4300000)
 Metaspace       used 60167K, committed 61312K, reserved 1114112K
  class space    used 6558K, committed 7104K, reserved 1048576K
}
Event: 5.330 GC heap after
{Heap after GC invocations=27 (full 3):
 PSYoungGen      total 23552K, used 1603K [0x00000000eab00000, 0x00000000ec400000, 0x0000000100000000)
  eden space 21504K, 0% used [0x00000000eab00000,0x00000000eab00000,0x00000000ec000000)
  from space 2048K, 78% used [0x00000000ec200000,0x00000000ec390e88,0x00000000ec400000)
  to   space 2048K, 0% used [0x00000000ec000000,0x00000000ec000000,0x00000000ec200000)
 ParOldGen       total 68608K, used 28477K [0x00000000c0000000, 0x00000000c4300000, 0x00000000eab00000)
  object space 68608K, 41% used [0x00000000c0000000,0x00000000c1bcf730,0x00000000c4300000)
 Metaspace       used 60167K, committed 61312K, reserved 1114112K
  class space    used 6558K, committed 7104K, reserved 1048576K
}
Event: 5.471 GC heap before
{Heap before GC invocations=28 (full 3):
 PSYoungGen      total 23552K, used 23107K [0x00000000eab00000, 0x00000000ec400000, 0x0000000100000000)
  eden space 21504K, 100% used [0x00000000eab00000,0x00000000ec000000,0x00000000ec000000)
  from space 2048K, 78% used [0x00000000ec200000,0x00000000ec390e88,0x00000000ec400000)
  to   space 2048K, 0% used [0x00000000ec000000,0x00000000ec000000,0x00000000ec200000)
 ParOldGen       total 68608K, used 28477K [0x00000000c0000000, 0x00000000c4300000, 0x00000000eab00000)
  object space 68608K, 41% used [0x00000000c0000000,0x00000000c1bcf730,0x00000000c4300000)
 Metaspace       used 61242K, committed 62400K, reserved 1114112K
  class space    used 6677K, committed 7168K, reserved 1048576K
}
Event: 5.473 GC heap after
{Heap after GC invocations=28 (full 3):
 PSYoungGen      total 23552K, used 1861K [0x00000000eab00000, 0x00000000ec400000, 0x0000000100000000)
  eden space 21504K, 0% used [0x00000000eab00000,0x00000000eab00000,0x00000000ec000000)
  from space 2048K, 90% used [0x00000000ec000000,0x00000000ec1d15f0,0x00000000ec200000)
  to   space 2048K, 0% used [0x00000000ec200000,0x00000000ec200000,0x00000000ec400000)
 ParOldGen       total 68608K, used 29868K [0x00000000c0000000, 0x00000000c4300000, 0x00000000eab00000)
  object space 68608K, 43% used [0x00000000c0000000,0x00000000c1d2b280,0x00000000c4300000)
 Metaspace       used 61242K, committed 62400K, reserved 1114112K
  class space    used 6677K, committed 7168K, reserved 1048576K
}
Event: 5.537 GC heap before
{Heap before GC invocations=29 (full 3):
 PSYoungGen      total 23552K, used 23365K [0x00000000eab00000, 0x00000000ec400000, 0x0000000100000000)
  eden space 21504K, 100% used [0x00000000eab00000,0x00000000ec000000,0x00000000ec000000)
  from space 2048K, 90% used [0x00000000ec000000,0x00000000ec1d15f0,0x00000000ec200000)
  to   space 2048K, 0% used [0x00000000ec200000,0x00000000ec200000,0x00000000ec400000)
 ParOldGen       total 68608K, used 29868K [0x00000000c0000000, 0x00000000c4300000, 0x00000000eab00000)
  object space 68608K, 43% used [0x00000000c0000000,0x00000000c1d2b280,0x00000000c4300000)
 Metaspace       used 61565K, committed 62784K, reserved 1114112K
  class space    used 6697K, committed 7232K, reserved 1048576K
}
Event: 5.538 GC heap after
{Heap after GC invocations=29 (full 3):
 PSYoungGen      total 22016K, used 224K [0x00000000eab00000, 0x00000000ec280000, 0x0000000100000000)
  eden space 21504K, 0% used [0x00000000eab00000,0x00000000eab00000,0x00000000ec000000)
  from space 512K, 43% used [0x00000000ec200000,0x00000000ec238000,0x00000000ec280000)
  to   space 1024K, 0% used [0x00000000ec080000,0x00000000ec080000,0x00000000ec180000)
 ParOldGen       total 68608K, used 30290K [0x00000000c0000000, 0x00000000c4300000, 0x00000000eab00000)
  object space 68608K, 44% used [0x00000000c0000000,0x00000000c1d94988,0x00000000c4300000)
 Metaspace       used 61565K, committed 62784K, reserved 1114112K
  class space    used 6697K, committed 7232K, reserved 1048576K
}

Dll operation events (12 events):
Event: 0.007 Loaded shared library c:\Users\omarf\.vscode\extensions\redhat.java-1.31.0-win32-x64\jre\17.0.11-win32-x86_64\bin\java.dll
Event: 0.092 Loaded shared library c:\Users\omarf\.vscode\extensions\redhat.java-1.31.0-win32-x64\jre\17.0.11-win32-x86_64\bin\zip.dll
Event: 0.095 Loaded shared library C:\Users\omarf\.vscode\extensions\redhat.java-1.31.0-win32-x64\jre\17.0.11-win32-x86_64\bin\instrument.dll
Event: 0.104 Loaded shared library C:\Users\omarf\.vscode\extensions\redhat.java-1.31.0-win32-x64\jre\17.0.11-win32-x86_64\bin\net.dll
Event: 0.106 Loaded shared library C:\Users\omarf\.vscode\extensions\redhat.java-1.31.0-win32-x64\jre\17.0.11-win32-x86_64\bin\nio.dll
Event: 0.111 Loaded shared library C:\Users\omarf\.vscode\extensions\redhat.java-1.31.0-win32-x64\jre\17.0.11-win32-x86_64\bin\zip.dll
Event: 0.127 Loaded shared library C:\Users\omarf\.vscode\extensions\redhat.java-1.31.0-win32-x64\jre\17.0.11-win32-x86_64\bin\jimage.dll
Event: 0.191 Loaded shared library c:\Users\omarf\.vscode\extensions\redhat.java-1.31.0-win32-x64\jre\17.0.11-win32-x86_64\bin\verify.dll
Event: 1.092 Loaded shared library C:\Users\omarf\AppData\Roaming\Code\User\globalStorage\redhat.java\1.31.0\config_win\org.eclipse.equinox.launcher\org.eclipse.equinox.launcher.win32.win32.x86_64_1.2.1000.v20240507-1834\eclipse_11902.dll
Event: 2.946 Loaded shared library C:\Users\omarf\AppData\Local\Temp\jna-105854903\jna1225548924771486962.dll
Event: 3.533 Loaded shared library C:\Users\omarf\.vscode\extensions\redhat.java-1.31.0-win32-x64\jre\17.0.11-win32-x86_64\bin\sunmscapi.dll
Event: 3.769 Loaded shared library C:\Users\omarf\.vscode\extensions\redhat.java-1.31.0-win32-x64\jre\17.0.11-win32-x86_64\bin\extnet.dll

Deoptimization events (20 events):
Event: 5.462 Thread 0x000002ca00e18150 Uncommon trap: trap_request=0xffffffde fr.pc=0x000002ca6edf08b0 relative=0x0000000000008530
Event: 5.462 Thread 0x000002ca00e18150 Uncommon trap: reason=class_check action=maybe_recompile pc=0x000002ca6edf08b0 method=lombok.patcher.PatchScript$MethodPatcher.visitMethod(ILjava/lang/String;Ljava/lang/String;Ljava/lang/String;[Ljava/lang/String;)Lorg/lombokweb/asm/MethodVisitor; @ 101 c
Event: 5.462 Thread 0x000002ca00e18150 DEOPT PACKING pc=0x000002ca6edf08b0 sp=0x000000d8d5af8e10
Event: 5.462 Thread 0x000002ca00e18150 DEOPT UNPACKING pc=0x000002ca6e5066a3 sp=0x000000d8d5af8dc8 mode 2
Event: 5.462 Thread 0x000002ca00e18150 Uncommon trap: trap_request=0xffffffde fr.pc=0x000002ca6edf08b0 relative=0x0000000000008530
Event: 5.462 Thread 0x000002ca00e18150 Uncommon trap: reason=class_check action=maybe_recompile pc=0x000002ca6edf08b0 method=lombok.patcher.PatchScript$MethodPatcher.visitMethod(ILjava/lang/String;Ljava/lang/String;Ljava/lang/String;[Ljava/lang/String;)Lorg/lombokweb/asm/MethodVisitor; @ 101 c
Event: 5.462 Thread 0x000002ca00e18150 DEOPT PACKING pc=0x000002ca6edf08b0 sp=0x000000d8d5af8e10
Event: 5.462 Thread 0x000002ca00e18150 DEOPT UNPACKING pc=0x000002ca6e5066a3 sp=0x000000d8d5af8dc8 mode 2
Event: 5.462 Thread 0x000002ca00e18150 Uncommon trap: trap_request=0xffffffde fr.pc=0x000002ca6edf08b0 relative=0x0000000000008530
Event: 5.462 Thread 0x000002ca00e18150 Uncommon trap: reason=class_check action=maybe_recompile pc=0x000002ca6edf08b0 method=lombok.patcher.PatchScript$MethodPatcher.visitMethod(ILjava/lang/String;Ljava/lang/String;Ljava/lang/String;[Ljava/lang/String;)Lorg/lombokweb/asm/MethodVisitor; @ 101 c
Event: 5.462 Thread 0x000002ca00e18150 DEOPT PACKING pc=0x000002ca6edf08b0 sp=0x000000d8d5af8e10
Event: 5.462 Thread 0x000002ca00e18150 DEOPT UNPACKING pc=0x000002ca6e5066a3 sp=0x000000d8d5af8dc8 mode 2
Event: 5.462 Thread 0x000002ca00e18150 Uncommon trap: trap_request=0xffffffde fr.pc=0x000002ca6edf08b0 relative=0x0000000000008530
Event: 5.462 Thread 0x000002ca00e18150 Uncommon trap: reason=class_check action=maybe_recompile pc=0x000002ca6edf08b0 method=lombok.patcher.PatchScript$MethodPatcher.visitMethod(ILjava/lang/String;Ljava/lang/String;Ljava/lang/String;[Ljava/lang/String;)Lorg/lombokweb/asm/MethodVisitor; @ 101 c
Event: 5.462 Thread 0x000002ca00e18150 DEOPT PACKING pc=0x000002ca6edf08b0 sp=0x000000d8d5af8e10
Event: 5.462 Thread 0x000002ca00e18150 DEOPT UNPACKING pc=0x000002ca6e5066a3 sp=0x000000d8d5af8dc8 mode 2
Event: 5.462 Thread 0x000002ca00e18150 Uncommon trap: trap_request=0xffffffde fr.pc=0x000002ca6edbbc58 relative=0x00000000000010f8
Event: 5.462 Thread 0x000002ca00e18150 Uncommon trap: reason=class_check action=maybe_recompile pc=0x000002ca6edbbc58 method=lombok.patcher.PatchScript$MethodPatcher.visitMethod(ILjava/lang/String;Ljava/lang/String;Ljava/lang/String;[Ljava/lang/String;)Lorg/lombokweb/asm/MethodVisitor; @ 101 c
Event: 5.462 Thread 0x000002ca00e18150 DEOPT PACKING pc=0x000002ca6edbbc58 sp=0x000000d8d5af8dd0
Event: 5.462 Thread 0x000002ca00e18150 DEOPT UNPACKING pc=0x000002ca6e5066a3 sp=0x000000d8d5af8dc8 mode 2

Classes unloaded (7 events):
Event: 2.809 Thread 0x000002ca782424a0 Unloading class 0x0000000100254400 'java/lang/invoke/LambdaForm$MH+0x0000000100254400'
Event: 2.809 Thread 0x000002ca782424a0 Unloading class 0x0000000100254000 'java/lang/invoke/LambdaForm$MH+0x0000000100254000'
Event: 2.809 Thread 0x000002ca782424a0 Unloading class 0x0000000100253c00 'java/lang/invoke/LambdaForm$MH+0x0000000100253c00'
Event: 2.809 Thread 0x000002ca782424a0 Unloading class 0x0000000100253800 'java/lang/invoke/LambdaForm$MH+0x0000000100253800'
Event: 2.809 Thread 0x000002ca782424a0 Unloading class 0x0000000100253400 'java/lang/invoke/LambdaForm$BMH+0x0000000100253400'
Event: 2.809 Thread 0x000002ca782424a0 Unloading class 0x0000000100253000 'java/lang/invoke/LambdaForm$DMH+0x0000000100253000'
Event: 2.809 Thread 0x000002ca782424a0 Unloading class 0x0000000100250400 'java/lang/invoke/LambdaForm$DMH+0x0000000100250400'

Classes redefined (0 events):
No events

Internal exceptions (20 events):
Event: 4.888 Thread 0x000002ca00e153c0 Exception <a 'sun/nio/fs/WindowsException'{0x00000000eb50d460}> (0x00000000eb50d460) 
thrown [s\src\hotspot\share\prims\jni.cpp, line 516]
Event: 4.890 Thread 0x000002ca00e153c0 Exception <a 'sun/nio/fs/WindowsException'{0x00000000eb5235a8}> (0x00000000eb5235a8) 
thrown [s\src\hotspot\share\prims\jni.cpp, line 516]
Event: 4.890 Thread 0x000002ca00e153c0 Exception <a 'sun/nio/fs/WindowsException'{0x00000000eb524208}> (0x00000000eb524208) 
thrown [s\src\hotspot\share\prims\jni.cpp, line 516]
Event: 4.891 Thread 0x000002ca00e153c0 Exception <a 'sun/nio/fs/WindowsException'{0x00000000eb52ea08}> (0x00000000eb52ea08) 
thrown [s\src\hotspot\share\prims\jni.cpp, line 516]
Event: 4.891 Thread 0x000002ca00e153c0 Exception <a 'sun/nio/fs/WindowsException'{0x00000000eb52f668}> (0x00000000eb52f668) 
thrown [s\src\hotspot\share\prims\jni.cpp, line 516]
Event: 4.895 Thread 0x000002ca00e153c0 Exception <a 'java/lang/NoSuchMethodError'{0x00000000eb57beb0}: 'void java.lang.invoke.DirectMethodHandle$Holder.invokeVirtual(java.lang.Object, java.lang.Object, java.lang.Object, java.lang.Object)'> (0x00000000eb57beb0) 
thrown [s\src\hotspot\share\interpreter\linkResolver.cpp, line 759]
Event: 4.948 Thread 0x000002ca00e153c0 Exception <a 'sun/nio/fs/WindowsException'{0x00000000eba4d610}> (0x00000000eba4d610) 
thrown [s\src\hotspot\share\prims\jni.cpp, line 516]
Event: 4.948 Thread 0x000002ca00e153c0 Exception <a 'sun/nio/fs/WindowsException'{0x00000000eba4dfd8}> (0x00000000eba4dfd8) 
thrown [s\src\hotspot\share\prims\jni.cpp, line 516]
Event: 4.951 Thread 0x000002ca00e18150 Exception <a 'java/lang/NoSuchMethodError'{0x00000000ebaec348}: 'java.lang.Object java.lang.invoke.DirectMethodHandle$Holder.invokeInterface(java.lang.Object, java.lang.Object, java.lang.Object)'> (0x00000000ebaec348) 
thrown [s\src\hotspot\share\interpreter\linkResolver.cpp, line 759]
Event: 4.952 Thread 0x000002ca00e153c0 Exception <a 'sun/nio/fs/WindowsException'{0x00000000ebb07a50}> (0x00000000ebb07a50) 
thrown [s\src\hotspot\share\prims\jni.cpp, line 516]
Event: 4.952 Thread 0x000002ca00e153c0 Exception <a 'sun/nio/fs/WindowsException'{0x00000000ebb08418}> (0x00000000ebb08418) 
thrown [s\src\hotspot\share\prims\jni.cpp, line 516]
Event: 4.958 Thread 0x000002ca00e153c0 Exception <a 'sun/nio/fs/WindowsException'{0x00000000ebbe6640}> (0x00000000ebbe6640) 
thrown [s\src\hotspot\share\prims\jni.cpp, line 516]
Event: 4.958 Thread 0x000002ca00e153c0 Exception <a 'sun/nio/fs/WindowsException'{0x00000000ebbe7008}> (0x00000000ebbe7008) 
thrown [s\src\hotspot\share\prims\jni.cpp, line 516]
Event: 4.962 Thread 0x000002ca00e153c0 Exception <a 'java/io/FileNotFoundException'{0x00000000ebca0218}> (0x00000000ebca0218) 
thrown [s\src\hotspot\share\prims\jni.cpp, line 516]
Event: 4.964 Thread 0x000002ca00e18150 Exception <a 'java/io/FileNotFoundException'{0x00000000ebcc6250}> (0x00000000ebcc6250) 
thrown [s\src\hotspot\share\prims\jni.cpp, line 516]
Event: 4.964 Thread 0x000002ca00e18150 Exception <a 'java/io/FileNotFoundException'{0x00000000ebcc7760}> (0x00000000ebcc7760) 
thrown [s\src\hotspot\share\prims\jni.cpp, line 516]
Event: 4.965 Thread 0x000002ca00e18150 Exception <a 'java/lang/NoSuchMethodError'{0x00000000ebcd09b8}: 'java.lang.Object java.lang.invoke.DirectMethodHandle$Holder.newInvokeSpecial(java.lang.Object, java.lang.Object, java.lang.Object, int)'> (0x00000000ebcd09b8) 
thrown [s\src\hotspot\share\interpreter\linkResolver.cpp, line 759]
Event: 4.966 Thread 0x000002ca00e18150 Exception <a 'java/lang/NoSuchMethodError'{0x00000000ebcd4ac0}: 'java.lang.Object java.lang.invoke.DirectMethodHandle$Holder.invokeSpecial(java.lang.Object, java.lang.Object, java.lang.Object, java.lang.Object, int)'> (0x00000000ebcd4ac0) 
thrown [s\src\hotspot\share\interpreter\linkResolver.cpp, line 759]
Event: 4.966 Thread 0x000002ca00e18150 Exception <a 'java/lang/NoSuchMethodError'{0x00000000ebd09890}: 'java.lang.Object java.lang.invoke.Invokers$Holder.linkToTargetMethod(java.lang.Object, java.lang.Object, int, java.lang.Object)'> (0x00000000ebd09890) 
thrown [s\src\hotspot\share\interpreter\linkResolver.cpp, line 759]
Event: 5.020 Thread 0x000002ca00e18150 Exception <a 'java/lang/NoSuchMethodError'{0x00000000eac6ad78}: 'java.lang.Object java.lang.invoke.Invokers$Holder.invoke_MT(java.lang.Object, java.lang.Object, java.lang.Object)'> (0x00000000eac6ad78) 
thrown [s\src\hotspot\share\interpreter\linkResolver.cpp, line 759]

VM Operations (20 events):
Event: 5.027 Executing VM operation: HandshakeAllThreads
Event: 5.027 Executing VM operation: HandshakeAllThreads done
Event: 5.042 Executing VM operation: HandshakeAllThreads
Event: 5.042 Executing VM operation: HandshakeAllThreads done
Event: 5.051 Executing VM operation: CollectForMetadataAllocation
Event: 5.084 Executing VM operation: CollectForMetadataAllocation done
Event: 5.126 Executing VM operation: HandshakeAllThreads
Event: 5.126 Executing VM operation: HandshakeAllThreads done
Event: 5.170 Executing VM operation: ParallelGCFailedAllocation
Event: 5.170 Executing VM operation: ParallelGCFailedAllocation done
Event: 5.224 Executing VM operation: ParallelGCFailedAllocation
Event: 5.225 Executing VM operation: ParallelGCFailedAllocation done
Event: 5.328 Executing VM operation: ParallelGCFailedAllocation
Event: 5.330 Executing VM operation: ParallelGCFailedAllocation done
Event: 5.388 Executing VM operation: HandshakeAllThreads
Event: 5.388 Executing VM operation: HandshakeAllThreads done
Event: 5.471 Executing VM operation: ParallelGCFailedAllocation
Event: 5.473 Executing VM operation: ParallelGCFailedAllocation done
Event: 5.537 Executing VM operation: ParallelGCFailedAllocation
Event: 5.538 Executing VM operation: ParallelGCFailedAllocation done

Events (20 events):
Event: 5.027 loading class jdk/internal/jimage/ImageReader$Directory
Event: 5.027 loading class jdk/internal/jimage/ImageReader$Directory done
Event: 5.110 loading class java/nio/channels/Channels$ReadableByteChannelImpl
Event: 5.110 loading class java/nio/channels/Channels$ReadableByteChannelImpl done
Event: 5.110 loading class java/nio/channels/NonWritableChannelException
Event: 5.110 loading class java/nio/channels/NonWritableChannelException done
Event: 5.127 Thread 0x000002ca7d45c3a0 flushing nmethod 0x000002ca6ec3b190
Event: 5.127 Thread 0x000002ca7d45c3a0 flushing nmethod 0x000002ca6ec48b90
Event: 5.127 Thread 0x000002ca7d45c3a0 flushing nmethod 0x000002ca6ec53090
Event: 5.130 Thread 0x000002ca7d45c3a0 flushing nmethod 0x000002ca671f1e10
Event: 5.131 Thread 0x000002ca7d45c3a0 flushing nmethod 0x000002ca673c5b90
Event: 5.134 Thread 0x000002ca7d45c3a0 flushing nmethod 0x000002ca676fc190
Event: 5.259 loading class sun/nio/cs/ThreadLocalCoders
Event: 5.259 loading class sun/nio/cs/ThreadLocalCoders done
Event: 5.259 loading class sun/nio/cs/ThreadLocalCoders$1
Event: 5.260 loading class sun/nio/cs/ThreadLocalCoders$Cache
Event: 5.260 loading class sun/nio/cs/ThreadLocalCoders$Cache done
Event: 5.260 loading class sun/nio/cs/ThreadLocalCoders$1 done
Event: 5.260 loading class sun/nio/cs/ThreadLocalCoders$2
Event: 5.260 loading class sun/nio/cs/ThreadLocalCoders$2 done


Dynamic libraries:
0x00007ff6d3820000 - 0x00007ff6d382e000 	c:\Users\omarf\.vscode\extensions\redhat.java-1.31.0-win32-x64\jre\17.0.11-win32-x86_64\bin\java.exe
0x00007fffa6290000 - 0x00007fffa64a7000 	C:\WINDOWS\SYSTEM32\ntdll.dll
0x00007fff76e50000 - 0x00007fff76e69000 	C:\Program Files\Avast Software\Avast\aswhook.dll
0x00007fffa4c70000 - 0x00007fffa4d34000 	C:\WINDOWS\System32\KERNEL32.DLL
0x00007fffa35b0000 - 0x00007fffa3957000 	C:\WINDOWS\System32\KERNELBASE.dll
0x00007fffa3ea0000 - 0x00007fffa3fb1000 	C:\WINDOWS\System32\ucrtbase.dll
0x00007fff9f1a0000 - 0x00007fff9f1b7000 	c:\Users\omarf\.vscode\extensions\redhat.java-1.31.0-win32-x64\jre\17.0.11-win32-x86_64\bin\jli.dll
0x00007fff9f210000 - 0x00007fff9f22b000 	c:\Users\omarf\.vscode\extensions\redhat.java-1.31.0-win32-x64\jre\17.0.11-win32-x86_64\bin\VCRUNTIME140.dll
0x00007fffa54f0000 - 0x00007fffa569e000 	C:\WINDOWS\System32\USER32.dll
0x00007fffa3d50000 - 0x00007fffa3d76000 	C:\WINDOWS\System32\win32u.dll
0x00007fff805f0000 - 0x00007fff80883000 	C:\WINDOWS\WinSxS\amd64_microsoft.windows.common-controls_6595b64144ccf1df_6.0.22621.3527_none_270e469b73872a76\COMCTL32.dll
0x00007fffa5790000 - 0x00007fffa57b9000 	C:\WINDOWS\System32\GDI32.dll
0x00007fffa56a0000 - 0x00007fffa5747000 	C:\WINDOWS\System32\msvcrt.dll
0x00007fffa3c30000 - 0x00007fffa3d49000 	C:\WINDOWS\System32\gdi32full.dll
0x00007fffa3e00000 - 0x00007fffa3e9a000 	C:\WINDOWS\System32\msvcp_win.dll
0x00007fffa5750000 - 0x00007fffa5781000 	C:\WINDOWS\System32\IMM32.DLL
0x00007fffa0640000 - 0x00007fffa064c000 	c:\Users\omarf\.vscode\extensions\redhat.java-1.31.0-win32-x64\jre\17.0.11-win32-x86_64\bin\vcruntime140_1.dll
0x00007fff89be0000 - 0x00007fff89c6d000 	c:\Users\omarf\.vscode\extensions\redhat.java-1.31.0-win32-x64\jre\17.0.11-win32-x86_64\bin\msvcp140.dll
0x00007fff5faf0000 - 0x00007fff60752000 	c:\Users\omarf\.vscode\extensions\redhat.java-1.31.0-win32-x64\jre\17.0.11-win32-x86_64\bin\server\jvm.dll
0x00007fffa4bb0000 - 0x00007fffa4c62000 	C:\WINDOWS\System32\ADVAPI32.dll
0x00007fffa49c0000 - 0x00007fffa4a68000 	C:\WINDOWS\System32\sechost.dll
0x00007fffa3a20000 - 0x00007fffa3a48000 	C:\WINDOWS\System32\bcrypt.dll
0x00007fffa51d0000 - 0x00007fffa52e5000 	C:\WINDOWS\System32\RPCRT4.dll
0x00007fffa2430000 - 0x00007fffa247d000 	C:\WINDOWS\SYSTEM32\POWRPROF.dll
0x00007fff9bed0000 - 0x00007fff9bf04000 	C:\WINDOWS\SYSTEM32\WINMM.dll
0x00007fff99540000 - 0x00007fff9954a000 	C:\WINDOWS\SYSTEM32\VERSION.dll
0x00007fff93e70000 - 0x00007fff93e79000 	C:\WINDOWS\SYSTEM32\WSOCK32.dll
0x00007fffa52f0000 - 0x00007fffa5361000 	C:\WINDOWS\System32\WS2_32.dll
0x00007fffa2410000 - 0x00007fffa2423000 	C:\WINDOWS\SYSTEM32\UMPDC.dll
0x00007fffa26c0000 - 0x00007fffa26d8000 	C:\WINDOWS\SYSTEM32\kernel.appcore.dll
0x00007fffa0620000 - 0x00007fffa062a000 	c:\Users\omarf\.vscode\extensions\redhat.java-1.31.0-win32-x64\jre\17.0.11-win32-x86_64\bin\jimage.dll
0x00007fffa1160000 - 0x00007fffa1392000 	C:\WINDOWS\SYSTEM32\DBGHELP.DLL
0x00007fffa4d40000 - 0x00007fffa50c8000 	C:\WINDOWS\System32\combase.dll
0x00007fffa5370000 - 0x00007fffa5447000 	C:\WINDOWS\System32\OLEAUT32.dll
0x00007fff93350000 - 0x00007fff93382000 	C:\WINDOWS\SYSTEM32\dbgcore.DLL
0x00007fffa3d80000 - 0x00007fffa3df9000 	C:\WINDOWS\System32\bcryptPrimitives.dll
0x00007fff9e390000 - 0x00007fff9e39e000 	c:\Users\omarf\.vscode\extensions\redhat.java-1.31.0-win32-x64\jre\17.0.11-win32-x86_64\bin\instrument.dll
0x00007fff91fa0000 - 0x00007fff91fc5000 	c:\Users\omarf\.vscode\extensions\redhat.java-1.31.0-win32-x64\jre\17.0.11-win32-x86_64\bin\java.dll
0x00007fff9bb90000 - 0x00007fff9bba8000 	c:\Users\omarf\.vscode\extensions\redhat.java-1.31.0-win32-x64\jre\17.0.11-win32-x86_64\bin\zip.dll
0x00007fffa59f0000 - 0x00007fffa624c000 	C:\WINDOWS\System32\SHELL32.dll
0x00007fffa1500000 - 0x00007fffa1df6000 	C:\WINDOWS\SYSTEM32\windows.storage.dll
0x00007fffa13c0000 - 0x00007fffa14fe000 	C:\WINDOWS\SYSTEM32\wintypes.dll
0x00007fffa4290000 - 0x00007fffa4385000 	C:\WINDOWS\System32\SHCORE.dll
0x00007fffa5470000 - 0x00007fffa54ce000 	C:\WINDOWS\System32\shlwapi.dll
0x00007fffa34e0000 - 0x00007fffa3501000 	C:\WINDOWS\SYSTEM32\profapi.dll
0x00007fff92ec0000 - 0x00007fff92ed9000 	C:\Users\omarf\.vscode\extensions\redhat.java-1.31.0-win32-x64\jre\17.0.11-win32-x86_64\bin\net.dll
0x00007fff9f440000 - 0x00007fff9f576000 	C:\WINDOWS\SYSTEM32\WINHTTP.dll
0x00007fffa2b30000 - 0x00007fffa2b99000 	C:\WINDOWS\system32\mswsock.dll
0x00007fff92ba0000 - 0x00007fff92bb6000 	C:\Users\omarf\.vscode\extensions\redhat.java-1.31.0-win32-x64\jre\17.0.11-win32-x86_64\bin\nio.dll
0x00007fff9e380000 - 0x00007fff9e390000 	c:\Users\omarf\.vscode\extensions\redhat.java-1.31.0-win32-x64\jre\17.0.11-win32-x86_64\bin\verify.dll
0x00007fff67490000 - 0x00007fff674d4000 	C:\Users\omarf\AppData\Roaming\Code\User\globalStorage\redhat.java\1.31.0\config_win\org.eclipse.equinox.launcher\org.eclipse.equinox.launcher.win32.win32.x86_64_1.2.1000.v20240507-1834\eclipse_11902.dll
0x00007fffa4390000 - 0x00007fffa4535000 	C:\WINDOWS\System32\ole32.dll
0x00007fffa2d90000 - 0x00007fffa2dab000 	C:\WINDOWS\SYSTEM32\CRYPTSP.dll
0x00007fffa2620000 - 0x00007fffa2655000 	C:\WINDOWS\system32\rsaenh.dll
0x00007fffa2c30000 - 0x00007fffa2c58000 	C:\WINDOWS\SYSTEM32\USERENV.dll
0x00007fffa2db0000 - 0x00007fffa2dbc000 	C:\WINDOWS\SYSTEM32\CRYPTBASE.dll
0x00007fffa20d0000 - 0x00007fffa20fd000 	C:\WINDOWS\SYSTEM32\IPHLPAPI.DLL
0x00007fffa5450000 - 0x00007fffa5459000 	C:\WINDOWS\System32\NSI.dll
0x00007fff9e3c0000 - 0x00007fff9e3d9000 	C:\WINDOWS\SYSTEM32\dhcpcsvc6.DLL
0x00007fff9e2f0000 - 0x00007fff9e30f000 	C:\WINDOWS\SYSTEM32\dhcpcsvc.DLL
0x00007fffa2100000 - 0x00007fffa21f8000 	C:\WINDOWS\SYSTEM32\DNSAPI.dll
0x00007fff62cb0000 - 0x00007fff62cf5000 	C:\Users\omarf\AppData\Local\Temp\jna-105854903\jna1225548924771486962.dll
0x00007fffa59e0000 - 0x00007fffa59e8000 	C:\WINDOWS\System32\PSAPI.DLL
0x00007fff9df00000 - 0x00007fff9df0e000 	C:\Users\omarf\.vscode\extensions\redhat.java-1.31.0-win32-x64\jre\17.0.11-win32-x86_64\bin\sunmscapi.dll
0x00007fffa3a50000 - 0x00007fffa3bb8000 	C:\WINDOWS\System32\CRYPT32.dll
0x00007fffa2f30000 - 0x00007fffa2f5e000 	C:\WINDOWS\SYSTEM32\ncrypt.dll
0x00007fffa2ef0000 - 0x00007fffa2f27000 	C:\WINDOWS\SYSTEM32\NTASN1.dll
0x00007fff9c3c0000 - 0x00007fff9c3ca000 	C:\Windows\System32\rasadhlp.dll
0x00007fff9c100000 - 0x00007fff9c183000 	C:\WINDOWS\System32\fwpuclnt.dll
0x00007fff9adb0000 - 0x00007fff9adb9000 	C:\Users\omarf\.vscode\extensions\redhat.java-1.31.0-win32-x64\jre\17.0.11-win32-x86_64\bin\extnet.dll

dbghelp: loaded successfully - version: 4.0.5 - missing functions: none
symbol engine: initialized successfully - sym options: 0x614 - pdb path: .;c:\Users\omarf\.vscode\extensions\redhat.java-1.31.0-win32-x64\jre\17.0.11-win32-x86_64\bin;C:\WINDOWS\SYSTEM32;C:\Program Files\Avast Software\Avast;C:\WINDOWS\WinSxS\amd64_microsoft.windows.common-controls_6595b64144ccf1df_6.0.22621.3527_none_270e469b73872a76;c:\Users\omarf\.vscode\extensions\redhat.java-1.31.0-win32-x64\jre\17.0.11-win32-x86_64\bin\server;C:\Users\omarf\AppData\Roaming\Code\User\globalStorage\redhat.java\1.31.0\config_win\org.eclipse.equinox.launcher\org.eclipse.equinox.launcher.win32.win32.x86_64_1.2.1000.v20240507-1834;C:\Users\omarf\AppData\Local\Temp\jna-105854903

VM Arguments:
jvm_args: --add-modules=ALL-SYSTEM --add-opens=java.base/java.util=ALL-UNNAMED --add-opens=java.base/java.lang=ALL-UNNAMED --add-opens=java.base/sun.nio.fs=ALL-UNNAMED -Declipse.application=org.eclipse.jdt.ls.core.id1 -Dosgi.bundles.defaultStartLevel=4 -Declipse.product=org.eclipse.jdt.ls.core.product -Djava.import.generatesMetadataFilesAtProjectRoot=false -DDetectVMInstallationsJob.disabled=true -Dfile.encoding=utf8 -XX:+UseParallelGC -XX:GCTimeRatio=4 -XX:AdaptiveSizePolicyWeight=90 -Dsun.zip.disableMemoryMapping=true -Xmx1G -Xms100m -Xlog:disable -javaagent:c:\Users\omarf\.vscode\extensions\redhat.java-1.31.0-win32-x64\lombok\lombok-1.18.32.jar -XX:+HeapDumpOnOutOfMemoryError -XX:HeapDumpPath=c:\Users\omarf\AppData\Roaming\Code\User\workspaceStorage\c8fc73a27e30c273115a9fc45ed50ce1\redhat.java -Daether.dependencyCollector.impl=bf 
java_command: c:\Users\omarf\.vscode\extensions\redhat.java-1.31.0-win32-x64\server\plugins\org.eclipse.equinox.launcher_1.6.800.v20240513-1750.jar -configuration c:\Users\omarf\AppData\Roaming\Code\User\globalStorage\redhat.java\1.31.0\config_win -data c:\Users\omarf\AppData\Roaming\Code\User\workspaceStorage\c8fc73a27e30c273115a9fc45ed50ce1\redhat.java\jdt_ws --pipe=\\.\pipe\lsp-4954829ae59ea768e269a2520db1108f-sock
java_class_path (initial): c:\Users\omarf\.vscode\extensions\redhat.java-1.31.0-win32-x64\server\plugins\org.eclipse.equinox.launcher_1.6.800.v20240513-1750.jar
Launcher Type: SUN_STANDARD

[Global flags]
    uintx AdaptiveSizePolicyWeight                 = 90                                        {product} {command line}
     intx CICompilerCount                          = 12                                        {product} {ergonomic}
    uintx GCTimeRatio                              = 4                                         {product} {command line}
     bool HeapDumpOnOutOfMemoryError               = true                                   {manageable} {command line}
    ccstr HeapDumpPath                             = c:\Users\omarf\AppData\Roaming\Code\User\workspaceStorage\c8fc73a27e30c273115a9fc45ed50ce1\redhat.java         {manageable} {command line}
   size_t InitialHeapSize                          = 104857600                                 {product} {command line}
   size_t MaxHeapSize                              = 1073741824                                {product} {command line}
   size_t MaxNewSize                               = 357564416                                 {product} {ergonomic}
   size_t MinHeapDeltaBytes                        = 524288                                    {product} {ergonomic}
   size_t MinHeapSize                              = 104857600                                 {product} {command line}
   size_t NewSize                                  = 34603008                                  {product} {ergonomic}
    uintx NonNMethodCodeHeapSize                   = 7602480                                {pd product} {ergonomic}
    uintx NonProfiledCodeHeapSize                  = 122027880                              {pd product} {ergonomic}
   size_t OldSize                                  = 70254592                                  {product} {ergonomic}
    uintx ProfiledCodeHeapSize                     = 122027880                              {pd product} {ergonomic}
    uintx ReservedCodeCacheSize                    = 251658240                              {pd product} {ergonomic}
     bool SegmentedCodeCache                       = true                                      {product} {ergonomic}
   size_t SoftMaxHeapSize                          = 1073741824                             {manageable} {ergonomic}
     bool UseCompressedClassPointers               = true                           {product lp64_product} {ergonomic}
     bool UseCompressedOops                        = true                           {product lp64_product} {ergonomic}
     bool UseLargePagesIndividualAllocation        = false                                  {pd product} {ergonomic}
     bool UseParallelGC                            = true                                      {product} {command line}

Logging:
Log output configuration:
 #0: stdout all=off uptime,level,tags
 #1: stderr all=off uptime,level,tags

Environment Variables:
PATH=C:\Program Files\Eclipse Adoptium\jdk-21.0.2.13-hotspot\bin;C:\WINDOWS\system32;C:\WINDOWS;C:\WINDOWS\System32\Wbem;C:\WINDOWS\System32\WindowsPowerShell\v1.0\;C:\WINDOWS\System32\OpenSSH\;C:\Program Files\dotnet\;C:\Program Files\Git\cmd;C:\Program Files\Microsoft SQL Server\150\Tools\Binn\;C:\Program Files\Microsoft SQL Server\Client SDK\ODBC\170\Tools\Binn\;C:\Program Files (x86)\Microsoft SQL Server\160\DTS\Binn\;C:\Users\omarf\AppData\Local\Microsoft\WindowsApps;C:\Users\omarf\AppData\Local\Programs\Microsoft VS Code\bin;C:\Users\omarf\AppData\Local\GitHubDesktop\bin;C:\Program Files\JetBrains\JetBrains Rider 2024.1.1\bin;;C:\Users\omarf\.dotnet\tools
USERNAME=omarf
OS=Windows_NT
PROCESSOR_IDENTIFIER=AMD64 Family 25 Model 68 Stepping 1, AuthenticAMD
TMP=C:\Users\omarf\AppData\Local\Temp
TEMP=C:\Users\omarf\AppData\Local\Temp



Periodic native trim disabled


---------------  S Y S T E M  ---------------

OS:
 Windows 11 , 64 bit Build 22621 (10.0.22621.3527)
OS uptime: 22 days 23:23 hours

CPU: total 16 (initial active 16) (16 cores per cpu, 2 threads per core) family 25 model 68 stepping 1 microcode 0x0, cx8, cmov, fxsr, ht, mmx, 3dnowpref, sse, sse2, sse3, ssse3, sse4a, sse4.1, sse4.2, popcnt, lzcnt, tsc, tscinvbit, avx, avx2, aes, erms, clmul, bmi1, bmi2, adx, sha, fma, vzeroupper, clflush, clflushopt
Processor Information for all 16 processors :
  Max Mhz: 3301, Current Mhz: 3301, Mhz Limit: 3301

Memory: 4k page, system-wide physical 15596M (1304M free)
TotalPageFile size 62700M (AvailPageFile size 334M)
current process WorkingSet (physical memory assigned to process): 277M, peak: 284M
current process commit charge ("private bytes"): 372M, peak: 379M

vm_info: OpenJDK 64-Bit Server VM (17.0.11+9) for windows-amd64 JRE (17.0.11+9), built on Apr 17 2024 06:07:48 by "admin" with MS VC++ 16.10 / 16.11 (VS2019)

END.
